#! /usr/local/Cellar/icarus-verilog/10.2_1/bin/vvp
:ivl_version "10.2 (stable)" "(v10_2)";
:ivl_delay_selection "TYPICAL";
:vpi_time_precision + 0;
:vpi_module "system";
:vpi_module "vhdl_sys";
:vpi_module "v2005_math";
:vpi_module "va_math";
S_0x7f83884055b0 .scope module, "test" "test" 2 2;
 .timescale 0 0;
v0x7f838841dc50_0 .var "a", 0 0;
v0x7f838841dcf0_0 .var "b", 0 0;
v0x7f838841ddd0_0 .var "c", 0 0;
v0x7f838841dea0_0 .var "d", 0 0;
v0x7f838841df70_0 .net "outp", 0 0, L_0x7f838841e240;  1 drivers
S_0x7f83884032b0 .scope module, "ot" "answer" 2 5, 3 2 0, S_0x7f83884055b0;
 .timescale 0 0;
    .port_info 0 /INPUT 1 "A"
    .port_info 1 /INPUT 1 "B"
    .port_info 2 /INPUT 1 "C"
    .port_info 3 /INPUT 1 "D"
    .port_info 4 /OUTPUT 1 "Y"
v0x7f838841d720_0 .net "A", 0 0, v0x7f838841dc50_0;  1 drivers
v0x7f838841d800_0 .net "A_D", 0 0, L_0x7f838841e080;  1 drivers
v0x7f838841d8d0_0 .net "B", 0 0, v0x7f838841dcf0_0;  1 drivers
v0x7f838841d960_0 .net "BC", 0 0, L_0x7f838841e1a0;  1 drivers
v0x7f838841da30_0 .net "C", 0 0, v0x7f838841ddd0_0;  1 drivers
v0x7f838841db00_0 .net "D", 0 0, v0x7f838841dea0_0;  1 drivers
v0x7f838841db90_0 .net "Y", 0 0, L_0x7f838841e240;  alias, 1 drivers
S_0x7f8388403f50 .scope module, "mux1" "mux2_1" 3 6, 4 1 0, S_0x7f83884032b0;
 .timescale 0 0;
    .port_info 0 /INPUT 1 "select"
    .port_info 1 /INPUT 1 "in1"
    .port_info 2 /INPUT 1 "in2"
    .port_info 3 /OUTPUT 1 "out"
v0x7f838840af00_0 .net "in1", 0 0, v0x7f838841dea0_0;  alias, 1 drivers
v0x7f838841caa0_0 .net "in2", 0 0, v0x7f838841dc50_0;  alias, 1 drivers
v0x7f838841cb40_0 .net "out", 0 0, L_0x7f838841e080;  alias, 1 drivers
v0x7f838841cbf0_0 .net "select", 0 0, v0x7f838841dc50_0;  alias, 1 drivers
L_0x7f838841e080 .functor MUXZ 1, v0x7f838841dc50_0, v0x7f838841dea0_0, v0x7f838841dc50_0, C4<>;
S_0x7f838841ccf0 .scope module, "mux2" "mux2_1" 3 7, 4 1 0, S_0x7f83884032b0;
 .timescale 0 0;
    .port_info 0 /INPUT 1 "select"
    .port_info 1 /INPUT 1 "in1"
    .port_info 2 /INPUT 1 "in2"
    .port_info 3 /OUTPUT 1 "out"
L_0x10b229008 .functor BUFT 1, C4<0>, C4<0>, C4<0>, C4<0>;
v0x7f838841cf10_0 .net "in1", 0 0, L_0x10b229008;  1 drivers
v0x7f838841cfb0_0 .net "in2", 0 0, v0x7f838841dcf0_0;  alias, 1 drivers
v0x7f838841d050_0 .net "out", 0 0, L_0x7f838841e1a0;  alias, 1 drivers
v0x7f838841d100_0 .net "select", 0 0, v0x7f838841ddd0_0;  alias, 1 drivers
L_0x7f838841e1a0 .functor MUXZ 1, v0x7f838841dcf0_0, L_0x10b229008, v0x7f838841ddd0_0, C4<>;
S_0x7f838841d200 .scope module, "mux3" "mux2_1" 3 8, 4 1 0, S_0x7f83884032b0;
 .timescale 0 0;
    .port_info 0 /INPUT 1 "select"
    .port_info 1 /INPUT 1 "in1"
    .port_info 2 /INPUT 1 "in2"
    .port_info 3 /OUTPUT 1 "out"
L_0x10b229050 .functor BUFT 1, C4<0>, C4<0>, C4<0>, C4<0>;
v0x7f838841d430_0 .net "in1", 0 0, L_0x10b229050;  1 drivers
v0x7f838841d4d0_0 .net "in2", 0 0, L_0x7f838841e080;  alias, 1 drivers
v0x7f838841d590_0 .net "out", 0 0, L_0x7f838841e240;  alias, 1 drivers
v0x7f838841d640_0 .net "select", 0 0, L_0x7f838841e1a0;  alias, 1 drivers
L_0x7f838841e240 .functor MUXZ 1, L_0x7f838841e080, L_0x10b229050, L_0x7f838841e1a0, C4<>;
    .scope S_0x7f83884055b0;
T_0 ;
    %pushi/vec4 0, 0, 1;
    %assign/vec4 v0x7f838841dc50_0, 0;
    %pushi/vec4 1, 0, 1;
    %assign/vec4 v0x7f838841dcf0_0, 0;
    %pushi/vec4 0, 0, 1;
    %assign/vec4 v0x7f838841ddd0_0, 0;
    %pushi/vec4 1, 0, 1;
    %assign/vec4 v0x7f838841dea0_0, 0;
    %delay 5, 0;
    %pushi/vec4 1, 0, 1;
    %assign/vec4 v0x7f838841dc50_0, 0;
    %pushi/vec4 1, 0, 1;
    %assign/vec4 v0x7f838841dcf0_0, 0;
    %pushi/vec4 0, 0, 1;
    %assign/vec4 v0x7f838841ddd0_0, 0;
    %pushi/vec4 1, 0, 1;
    %assign/vec4 v0x7f838841dea0_0, 0;
    %delay 9, 0;
    %pushi/vec4 0, 0, 1;
    %assign/vec4 v0x7f838841dc50_0, 0;
    %pushi/vec4 1, 0, 1;
    %assign/vec4 v0x7f838841dcf0_0, 0;
    %pushi/vec4 1, 0, 1;
    %assign/vec4 v0x7f838841ddd0_0, 0;
    %pushi/vec4 1, 0, 1;
    %assign/vec4 v0x7f838841dea0_0, 0;
    %delay 18, 0;
    %vpi_call 2 21 "$display", v0x7f838841df70_0 {0 0 0};
    %end;
    .thread T_0;
    .scope S_0x7f83884055b0;
T_1 ;
    %vpi_call 2 24 "$dumpfile", "testb.vcd" {0 0 0};
    %vpi_call 2 25 "$dumpvars", 32'sb00000000000000000000000000000000, S_0x7f83884055b0 {0 0 0};
    %end;
    .thread T_1;
# The file index is used to find the file name in the following table.
:file_names 5;
    "N/A";
    "<interactive>";
    "dut_testb.v";
    "./dut.v";
    "./mux2x1.v";
