#! /usr/local/Cellar/icarus-verilog/10.2_1/bin/vvp
:ivl_version "10.2 (stable)" "(v10_2)";
:ivl_delay_selection "TYPICAL";
:vpi_time_precision + 0;
:vpi_module "system";
:vpi_module "vhdl_sys";
:vpi_module "v2005_math";
:vpi_module "va_math";
S_0x7f95c140f490 .scope module, "bubble_sort_tb" "bubble_sort_tb" 2 2;
 .timescale 0 0;
v0x7f95c15051f0_0 .var "clk", 0 0;
v0x7f95c15052b0_0 .var "in_data", 31 0;
v0x7f95c1505350_0 .var "n", 31 0;
v0x7f95c15053e0_0 .net "out_data", 31 0, v0x7f95c1504c10_0;  1 drivers
v0x7f95c1505470_0 .var "reset", 0 0;
S_0x7f95c14032e0 .scope module, "DUT" "bubble_sort_FSM" 2 8, 3 1 0, S_0x7f95c140f490;
 .timescale 0 0;
    .port_info 0 /INPUT 1 "clk"
    .port_info 1 /INPUT 1 "reset"
    .port_info 2 /INPUT 32 "in_data"
    .port_info 3 /OUTPUT 32 "out_data"
    .port_info 4 /INPUT 32 "n"
v0x7f95c1418270 .array "array", 0 100000, 31 0;
v0x7f95c1418410 .array "array2", 0 100000, 31 0;
v0x7f95c1403440_0 .net "clk", 0 0, v0x7f95c15051f0_0;  1 drivers
v0x7f95c15024c0_0 .var "created", 0 0;
v0x7f95c1504710_0 .var/i "i", 31 0;
v0x7f95c15047a0_0 .net "in_data", 31 0, v0x7f95c15052b0_0;  1 drivers
v0x7f95c1504830_0 .var "in_valid", 0 0;
v0x7f95c15048c0_0 .var "input_index", 100000 0;
v0x7f95c1504950_0 .var "input_index2", 100000 0;
v0x7f95c1504a60_0 .var/i "j", 31 0;
v0x7f95c1504af0_0 .var/i "k", 31 0;
v0x7f95c1504b80_0 .net "n", 31 0, v0x7f95c1505350_0;  1 drivers
v0x7f95c1504c10_0 .var "out_data", 31 0;
v0x7f95c1504ca0_0 .var "outer_loop", 100000 0;
v0x7f95c1504d30_0 .var "output_index", 100000 0;
v0x7f95c1504dc0_0 .net "reset", 0 0, v0x7f95c1505470_0;  1 drivers
v0x7f95c1504e50_0 .var "sorted", 0 0;
v0x7f95c1504fe0_0 .var "stage1", 0 0;
v0x7f95c1505070_0 .var "stage2", 0 0;
v0x7f95c1505100_0 .var "stage3", 0 0;
E_0x7f95c140fb70 .event posedge, v0x7f95c1403440_0;
    .scope S_0x7f95c14032e0;
T_0 ;
    %pushi/vec4 0, 0, 1;
    %store/vec4 v0x7f95c1504e50_0, 0, 1;
    %pushi/vec4 0, 0, 1;
    %store/vec4 v0x7f95c1504830_0, 0, 1;
    %pushi/vec4 0, 0, 1;
    %store/vec4 v0x7f95c1504fe0_0, 0, 1;
    %pushi/vec4 0, 0, 1;
    %store/vec4 v0x7f95c1505070_0, 0, 1;
    %pushi/vec4 0, 0, 1;
    %store/vec4 v0x7f95c1505100_0, 0, 1;
    %pushi/vec4 0, 0, 1;
    %store/vec4 v0x7f95c15024c0_0, 0, 1;
    %pushi/vec4 0, 0, 100001;
    %store/vec4 v0x7f95c15048c0_0, 0, 100001;
    %pushi/vec4 0, 0, 100001;
    %store/vec4 v0x7f95c1504950_0, 0, 100001;
    %pushi/vec4 0, 0, 100001;
    %store/vec4 v0x7f95c1504ca0_0, 0, 100001;
    %pushi/vec4 0, 0, 100001;
    %store/vec4 v0x7f95c1504d30_0, 0, 100001;
    %end;
    .thread T_0;
    .scope S_0x7f95c14032e0;
T_1 ;
    %wait E_0x7f95c140fb70;
    %load/vec4 v0x7f95c1504dc0_0;
    %pad/u 32;
    %cmpi/e 0, 0, 32;
    %jmp/0xz  T_1.0, 4;
    %pushi/vec4 0, 0, 100001;
    %assign/vec4 v0x7f95c15048c0_0, 0;
    %pushi/vec4 0, 0, 100001;
    %assign/vec4 v0x7f95c1504950_0, 0;
    %pushi/vec4 0, 0, 100001;
    %assign/vec4 v0x7f95c1504d30_0, 0;
    %pushi/vec4 0, 0, 100001;
    %assign/vec4 v0x7f95c1504ca0_0, 0;
    %pushi/vec4 0, 0, 1;
    %assign/vec4 v0x7f95c1504e50_0, 0;
    %pushi/vec4 0, 0, 1;
    %assign/vec4 v0x7f95c1504fe0_0, 0;
    %pushi/vec4 0, 0, 1;
    %assign/vec4 v0x7f95c1505070_0, 0;
    %pushi/vec4 0, 0, 1;
    %assign/vec4 v0x7f95c1505100_0, 0;
    %pushi/vec4 0, 0, 32;
    %store/vec4 v0x7f95c1504710_0, 0, 32;
T_1.2 ;
    %load/vec4 v0x7f95c1504710_0;
    %load/vec4 v0x7f95c1504b80_0;
    %cmp/u;
    %jmp/0xz T_1.3, 5;
    %pushi/vec4 0, 0, 32;
    %ix/getv/s 3, v0x7f95c1504710_0;
    %ix/load 4, 0, 0; Constant delay
    %assign/vec4/a/d v0x7f95c1418270, 0, 4;
    %pushi/vec4 0, 0, 32;
    %ix/getv/s 3, v0x7f95c1504710_0;
    %ix/load 4, 0, 0; Constant delay
    %assign/vec4/a/d v0x7f95c1418410, 0, 4;
    %load/vec4 v0x7f95c1504710_0;
    %addi 1, 0, 32;
    %store/vec4 v0x7f95c1504710_0, 0, 32;
    %jmp T_1.2;
T_1.3 ;
T_1.0 ;
    %load/vec4 v0x7f95c1504dc0_0;
    %pad/u 32;
    %pushi/vec4 1, 0, 32;
    %cmp/e;
    %flag_get/vec4 4;
    %load/vec4 v0x7f95c1504fe0_0;
    %pad/u 32;
    %pushi/vec4 0, 0, 32;
    %cmp/e;
    %flag_get/vec4 4;
    %and;
    %flag_set/vec4 8;
    %jmp/0xz  T_1.4, 8;
    %load/vec4 v0x7f95c15048c0_0;
    %addi 1, 0, 100001;
    %assign/vec4 v0x7f95c15048c0_0, 0;
    %load/vec4 v0x7f95c15048c0_0;
    %load/vec4 v0x7f95c1504b80_0;
    %pad/u 100001;
    %cmp/u;
    %jmp/0xz  T_1.6, 5;
    %load/vec4 v0x7f95c15047a0_0;
    %ix/getv 3, v0x7f95c15048c0_0;
    %ix/load 4, 0, 0; Constant delay
    %assign/vec4/a/d v0x7f95c1418270, 0, 4;
    %jmp T_1.7;
T_1.6 ;
    %pushi/vec4 1, 0, 1;
    %assign/vec4 v0x7f95c1504fe0_0, 0;
T_1.7 ;
T_1.4 ;
    %load/vec4 v0x7f95c1504dc0_0;
    %pad/u 32;
    %pushi/vec4 1, 0, 32;
    %cmp/e;
    %flag_get/vec4 4;
    %load/vec4 v0x7f95c1504fe0_0;
    %pad/u 32;
    %pushi/vec4 1, 0, 32;
    %cmp/e;
    %flag_get/vec4 4;
    %and;
    %load/vec4 v0x7f95c1505070_0;
    %pad/u 32;
    %pushi/vec4 0, 0, 32;
    %cmp/e;
    %flag_get/vec4 4;
    %and;
    %flag_set/vec4 8;
    %jmp/0xz  T_1.8, 8;
    %pushi/vec4 0, 0, 32;
    %store/vec4 v0x7f95c1504710_0, 0, 32;
T_1.10 ;
    %load/vec4 v0x7f95c1504710_0;
    %load/vec4 v0x7f95c1504b80_0;
    %cmp/u;
    %jmp/0xz T_1.11, 5;
    %ix/getv/s 4, v0x7f95c1504710_0;
    %load/vec4a v0x7f95c1418270, 4;
    %ix/getv/s 3, v0x7f95c1504710_0;
    %ix/load 4, 0, 0; Constant delay
    %assign/vec4/a/d v0x7f95c1418410, 0, 4;
    %load/vec4 v0x7f95c1504710_0;
    %addi 1, 0, 32;
    %store/vec4 v0x7f95c1504710_0, 0, 32;
    %jmp T_1.10;
T_1.11 ;
    %pushi/vec4 0, 0, 1;
    %assign/vec4 v0x7f95c1504fe0_0, 0;
    %pushi/vec4 1, 0, 1;
    %assign/vec4 v0x7f95c1505070_0, 0;
    %load/vec4 v0x7f95c15048c0_0;
    %assign/vec4 v0x7f95c1504950_0, 0;
    %pushi/vec4 0, 0, 100001;
    %assign/vec4 v0x7f95c15048c0_0, 0;
T_1.8 ;
    %load/vec4 v0x7f95c1504dc0_0;
    %pad/u 32;
    %pushi/vec4 1, 0, 32;
    %cmp/e;
    %flag_get/vec4 4;
    %load/vec4 v0x7f95c1505070_0;
    %pad/u 32;
    %pushi/vec4 1, 0, 32;
    %cmp/e;
    %flag_get/vec4 4;
    %and;
    %load/vec4 v0x7f95c1504e50_0;
    %pad/u 32;
    %pushi/vec4 0, 0, 32;
    %cmp/e;
    %flag_get/vec4 4;
    %and;
    %flag_set/vec4 8;
    %jmp/0xz  T_1.12, 8;
    %load/vec4 v0x7f95c1504ca0_0;
    %load/vec4 v0x7f95c1504950_0;
    %subi 1, 0, 100001;
    %cmp/u;
    %jmp/0xz  T_1.14, 5;
    %load/vec4 v0x7f95c1504ca0_0;
    %addi 1, 0, 100001;
    %assign/vec4 v0x7f95c1504ca0_0, 0;
    %jmp T_1.15;
T_1.14 ;
    %pushi/vec4 1, 0, 1;
    %assign/vec4 v0x7f95c1504e50_0, 0;
T_1.15 ;
T_1.12 ;
    %load/vec4 v0x7f95c1504dc0_0;
    %pad/u 32;
    %pushi/vec4 1, 0, 32;
    %cmp/e;
    %flag_get/vec4 4;
    %load/vec4 v0x7f95c1505070_0;
    %pad/u 32;
    %pushi/vec4 1, 0, 32;
    %cmp/e;
    %flag_get/vec4 4;
    %and;
    %load/vec4 v0x7f95c1504e50_0;
    %pad/u 32;
    %pushi/vec4 0, 0, 32;
    %cmp/e;
    %flag_get/vec4 4;
    %and;
    %flag_set/vec4 8;
    %jmp/0xz  T_1.16, 8;
    %load/vec4 v0x7f95c1504ca0_0;
    %parti/s 1, 0, 2;
    %pad/u 32;
    %cmpi/e 1, 0, 32;
    %jmp/0xz  T_1.18, 4;
    %pushi/vec4 1, 0, 32;
    %store/vec4 v0x7f95c1504a60_0, 0, 32;
T_1.20 ;
    %load/vec4 v0x7f95c1504a60_0;
    %load/vec4 v0x7f95c1504b80_0;
    %subi 1, 0, 32;
    %cmp/u;
    %jmp/0xz T_1.21, 5;
    %ix/getv/s 4, v0x7f95c1504a60_0;
    %load/vec4a v0x7f95c1418410, 4;
    %load/vec4 v0x7f95c1504a60_0;
    %pad/s 33;
    %addi 1, 0, 33;
    %ix/vec4/s 4;
    %load/vec4a v0x7f95c1418410, 4;
    %cmp/u;
    %jmp/0xz  T_1.22, 5;
    %load/vec4 v0x7f95c1504a60_0;
    %pad/s 33;
    %addi 1, 0, 33;
    %ix/vec4/s 4;
    %load/vec4a v0x7f95c1418410, 4;
    %ix/getv/s 3, v0x7f95c1504a60_0;
    %ix/load 4, 0, 0; Constant delay
    %assign/vec4/a/d v0x7f95c1418410, 0, 4;
    %ix/getv/s 4, v0x7f95c1504a60_0;
    %load/vec4a v0x7f95c1418410, 4;
    %load/vec4 v0x7f95c1504a60_0;
    %pad/s 33;
    %addi 1, 0, 33;
    %ix/vec4/s 3;
    %ix/load 4, 0, 0; Constant delay
    %assign/vec4/a/d v0x7f95c1418410, 0, 4;
T_1.22 ;
    %load/vec4 v0x7f95c1504a60_0;
    %addi 2, 0, 32;
    %store/vec4 v0x7f95c1504a60_0, 0, 32;
    %jmp T_1.20;
T_1.21 ;
    %jmp T_1.19;
T_1.18 ;
    %pushi/vec4 0, 0, 32;
    %store/vec4 v0x7f95c1504af0_0, 0, 32;
T_1.24 ;
    %load/vec4 v0x7f95c1504af0_0;
    %load/vec4 v0x7f95c1504b80_0;
    %subi 1, 0, 32;
    %cmp/u;
    %jmp/0xz T_1.25, 5;
    %ix/getv/s 4, v0x7f95c1504af0_0;
    %load/vec4a v0x7f95c1418410, 4;
    %load/vec4 v0x7f95c1504af0_0;
    %pad/s 33;
    %addi 1, 0, 33;
    %ix/vec4/s 4;
    %load/vec4a v0x7f95c1418410, 4;
    %cmp/u;
    %jmp/0xz  T_1.26, 5;
    %load/vec4 v0x7f95c1504af0_0;
    %pad/s 33;
    %addi 1, 0, 33;
    %ix/vec4/s 4;
    %load/vec4a v0x7f95c1418410, 4;
    %ix/getv/s 3, v0x7f95c1504af0_0;
    %ix/load 4, 0, 0; Constant delay
    %assign/vec4/a/d v0x7f95c1418410, 0, 4;
    %ix/getv/s 4, v0x7f95c1504af0_0;
    %load/vec4a v0x7f95c1418410, 4;
    %load/vec4 v0x7f95c1504af0_0;
    %pad/s 33;
    %addi 1, 0, 33;
    %ix/vec4/s 3;
    %ix/load 4, 0, 0; Constant delay
    %assign/vec4/a/d v0x7f95c1418410, 0, 4;
T_1.26 ;
    %load/vec4 v0x7f95c1504af0_0;
    %addi 2, 0, 32;
    %store/vec4 v0x7f95c1504af0_0, 0, 32;
    %jmp T_1.24;
T_1.25 ;
T_1.19 ;
T_1.16 ;
    %load/vec4 v0x7f95c1504dc0_0;
    %pad/u 32;
    %pushi/vec4 1, 0, 32;
    %cmp/e;
    %flag_get/vec4 4;
    %load/vec4 v0x7f95c1504e50_0;
    %pad/u 32;
    %pushi/vec4 1, 0, 32;
    %cmp/e;
    %flag_get/vec4 4;
    %and;
    %flag_set/vec4 8;
    %jmp/0xz  T_1.28, 8;
    %load/vec4 v0x7f95c1504d30_0;
    %addi 1, 0, 100001;
    %assign/vec4 v0x7f95c1504d30_0, 0;
    %load/vec4 v0x7f95c1504d30_0;
    %load/vec4 v0x7f95c1504b80_0;
    %pad/u 100001;
    %cmp/u;
    %jmp/0xz  T_1.30, 5;
    %ix/getv 4, v0x7f95c1504d30_0;
    %load/vec4a v0x7f95c1418410, 4;
    %assign/vec4 v0x7f95c1504c10_0, 0;
    %jmp T_1.31;
T_1.30 ;
    %pushi/vec4 0, 0, 1;
    %assign/vec4 v0x7f95c1504e50_0, 0;
    %pushi/vec4 0, 0, 1;
    %assign/vec4 v0x7f95c1505070_0, 0;
    %pushi/vec4 0, 0, 100001;
    %assign/vec4 v0x7f95c1504ca0_0, 0;
    %pushi/vec4 0, 0, 100001;
    %assign/vec4 v0x7f95c1504d30_0, 0;
T_1.31 ;
T_1.28 ;
    %jmp T_1;
    .thread T_1;
    .scope S_0x7f95c140f490;
T_2 ;
    %pushi/vec4 1, 0, 1;
    %store/vec4 v0x7f95c1505470_0, 0, 1;
    %end;
    .thread T_2;
    .scope S_0x7f95c140f490;
T_3 ;
    %pushi/vec4 1, 0, 1;
    %store/vec4 v0x7f95c15051f0_0, 0, 1;
    %pushi/vec4 1000, 0, 32;
T_3.0 %dup/vec4;
    %pushi/vec4 0, 0, 32;
    %cmp/s;
    %jmp/1xz T_3.1, 5;
    %jmp/1 T_3.1, 4;
    %pushi/vec4 1, 0, 32;
    %sub;
    %delay 5, 0;
    %load/vec4 v0x7f95c15051f0_0;
    %inv;
    %store/vec4 v0x7f95c15051f0_0, 0, 1;
    %jmp T_3.0;
T_3.1 ;
    %pop/vec4 1;
    %end;
    .thread T_3;
    .scope S_0x7f95c140f490;
T_4 ;
    %pushi/vec4 5, 0, 32;
    %store/vec4 v0x7f95c1505350_0, 0, 32;
    %pushi/vec4 11, 0, 32;
    %store/vec4 v0x7f95c15052b0_0, 0, 32;
    %delay 10, 0;
    %pushi/vec4 12, 0, 32;
    %store/vec4 v0x7f95c15052b0_0, 0, 32;
    %delay 10, 0;
    %pushi/vec4 13, 0, 32;
    %store/vec4 v0x7f95c15052b0_0, 0, 32;
    %delay 10, 0;
    %pushi/vec4 14, 0, 32;
    %store/vec4 v0x7f95c15052b0_0, 0, 32;
    %delay 10, 0;
    %pushi/vec4 15, 0, 32;
    %store/vec4 v0x7f95c15052b0_0, 0, 32;
    %delay 10, 0;
    %end;
    .thread T_4;
    .scope S_0x7f95c140f490;
T_5 ;
    %vpi_call 2 50 "$dumpfile", "bubble_sort_tb.vcd" {0 0 0};
    %vpi_call 2 51 "$dumpvars", 32'sb00000000000000000000000000000000, S_0x7f95c140f490 {0 0 0};
    %end;
    .thread T_5;
# The file index is used to find the file name in the following table.
:file_names 4;
    "N/A";
    "<interactive>";
    "bubble_fsm_tb.v";
    "./bubble_fsm2.v";
