#! /usr/local/Cellar/icarus-verilog/10.2_1/bin/vvp
:ivl_version "10.2 (stable)" "(v10_2)";
:ivl_delay_selection "TYPICAL";
:vpi_time_precision + 0;
:vpi_module "system";
:vpi_module "vhdl_sys";
:vpi_module "v2005_math";
:vpi_module "va_math";
S_0x7ffe4ac01970 .scope module, "test" "test" 2 2;
 .timescale 0 0;
v0x7ffe4ac11fb0_0 .var "a", 0 0;
v0x7ffe4ac12050_0 .var "b", 0 0;
v0x7ffe4ac12100_0 .net "carry", 0 0, L_0x7ffe4ac123d0;  1 drivers
v0x7ffe4ac121d0_0 .net "sum", 0 0, L_0x7ffe4ac12280;  1 drivers
S_0x7ffe4ac01ad0 .scope module, "h" "halfadder" 2 5, 3 1 0, S_0x7ffe4ac01970;
 .timescale 0 0;
    .port_info 0 /INPUT 1 "in1"
    .port_info 1 /INPUT 1 "in2"
    .port_info 2 /OUTPUT 1 "sum"
    .port_info 3 /OUTPUT 1 "carry"
L_0x7ffe4ac12280 .functor XOR 1, v0x7ffe4ac11fb0_0, v0x7ffe4ac12050_0, C4<0>, C4<0>;
L_0x7ffe4ac123d0 .functor AND 1, v0x7ffe4ac11fb0_0, v0x7ffe4ac12050_0, C4<1>, C4<1>;
v0x7ffe4ac01ce0_0 .net "carry", 0 0, L_0x7ffe4ac123d0;  alias, 1 drivers
v0x7ffe4ac11d60_0 .net "in1", 0 0, v0x7ffe4ac11fb0_0;  1 drivers
v0x7ffe4ac11e00_0 .net "in2", 0 0, v0x7ffe4ac12050_0;  1 drivers
v0x7ffe4ac11eb0_0 .net "sum", 0 0, L_0x7ffe4ac12280;  alias, 1 drivers
    .scope S_0x7ffe4ac01970;
T_0 ;
    %pushi/vec4 0, 0, 1;
    %assign/vec4 v0x7ffe4ac11fb0_0, 0;
    %pushi/vec4 0, 0, 1;
    %assign/vec4 v0x7ffe4ac12050_0, 0;
    %delay 5, 0;
    %pushi/vec4 0, 0, 1;
    %assign/vec4 v0x7ffe4ac11fb0_0, 0;
    %pushi/vec4 1, 0, 1;
    %assign/vec4 v0x7ffe4ac12050_0, 0;
    %delay 10, 0;
    %pushi/vec4 1, 0, 1;
    %assign/vec4 v0x7ffe4ac11fb0_0, 0;
    %pushi/vec4 0, 0, 1;
    %assign/vec4 v0x7ffe4ac12050_0, 0;
    %delay 15, 0;
    %pushi/vec4 1, 0, 1;
    %assign/vec4 v0x7ffe4ac11fb0_0, 0;
    %pushi/vec4 1, 0, 1;
    %assign/vec4 v0x7ffe4ac12050_0, 0;
    %delay 20, 0;
    %vpi_call 2 19 "$display", v0x7ffe4ac121d0_0, v0x7ffe4ac12100_0 {0 0 0};
    %end;
    .thread T_0;
    .scope S_0x7ffe4ac01970;
T_1 ;
    %vpi_call 2 23 "$dumpfile", "testh.vcd" {0 0 0};
    %vpi_call 2 24 "$dumpvars", 32'sb00000000000000000000000000000000, S_0x7ffe4ac01970 {0 0 0};
    %end;
    .thread T_1;
# The file index is used to find the file name in the following table.
:file_names 4;
    "N/A";
    "<interactive>";
    "testbha.v";
    "./halfadder.v";
