#! /usr/local/Cellar/icarus-verilog/10.2_1/bin/vvp
:ivl_version "10.2 (stable)" "(v10_2)";
:ivl_delay_selection "TYPICAL";
:vpi_time_precision + 0;
:vpi_module "system";
:vpi_module "vhdl_sys";
:vpi_module "v2005_math";
:vpi_module "va_math";
S_0x7f8b9d500160 .scope module, "tb" "tb" 2 1;
 .timescale 0 0;
v0x7f8b9d522890_0 .var "clk", 0 0;
v0x7f8b9d522920_0 .var "in", 31 0;
v0x7f8b9d5229b0_0 .var "reset", 0 0;
v0x7f8b9d522a80_0 .net "sorted", 31 0, v0x7f8b9d522590_0;  1 drivers
S_0x7f8b9d512180 .scope module, "ii" "insertion" 2 9, 3 2 0, S_0x7f8b9d500160;
 .timescale 0 0;
    .port_info 0 /INPUT 1 "clk"
    .port_info 1 /INPUT 1 "reset"
    .port_info 2 /OUTPUT 32 "sorted"
    .port_info 3 /INPUT 32 "in"
v0x7f8b9d512340_0 .net "clk", 0 0, v0x7f8b9d522890_0;  1 drivers
v0x7f8b9d521ed0_0 .var/i "count", 31 0;
v0x7f8b9d521f80_0 .var "done", 0 0;
v0x7f8b9d522030_0 .var/i "i", 31 0;
v0x7f8b9d5220e0_0 .net "in", 31 0, v0x7f8b9d522920_0;  1 drivers
v0x7f8b9d5221d0_0 .var "in_index", 31 0;
v0x7f8b9d522280_0 .var/i "j", 31 0;
v0x7f8b9d522330_0 .var "key", 31 0;
v0x7f8b9d5223e0_0 .var "out_index", 31 0;
v0x7f8b9d5224f0_0 .net "reset", 0 0, v0x7f8b9d5229b0_0;  1 drivers
v0x7f8b9d522590_0 .var "sorted", 31 0;
v0x7f8b9d522640 .array "sorting", 0 100, 31 0;
v0x7f8b9d5226e0_0 .var "state", 1 0;
v0x7f8b9d522790_0 .var "valid_in", 0 0;
E_0x7f8b9d5002c0 .event posedge, v0x7f8b9d512340_0;
E_0x7f8b9d508180 .event negedge, v0x7f8b9d5224f0_0;
    .scope S_0x7f8b9d512180;
T_0 ;
    %pushi/vec4 8, 0, 32;
    %store/vec4 v0x7f8b9d521ed0_0, 0, 32;
    %pushi/vec4 0, 0, 1;
    %store/vec4 v0x7f8b9d521f80_0, 0, 1;
    %pushi/vec4 0, 0, 32;
    %store/vec4 v0x7f8b9d5221d0_0, 0, 32;
    %pushi/vec4 0, 0, 32;
    %store/vec4 v0x7f8b9d5223e0_0, 0, 32;
    %pushi/vec4 0, 0, 1;
    %store/vec4 v0x7f8b9d522790_0, 0, 1;
    %pushi/vec4 0, 0, 2;
    %store/vec4 v0x7f8b9d5226e0_0, 0, 2;
    %end;
    .thread T_0;
    .scope S_0x7f8b9d512180;
T_1 ;
    %wait E_0x7f8b9d508180;
    %load/vec4 v0x7f8b9d5224f0_0;
    %pad/u 32;
    %cmpi/e 0, 0, 32;
    %jmp/0xz  T_1.0, 4;
    %pushi/vec4 0, 0, 1;
    %store/vec4 v0x7f8b9d521f80_0, 0, 1;
    %pushi/vec4 0, 0, 32;
    %store/vec4 v0x7f8b9d5221d0_0, 0, 32;
    %pushi/vec4 0, 0, 32;
    %store/vec4 v0x7f8b9d5223e0_0, 0, 32;
T_1.0 ;
    %jmp T_1;
    .thread T_1;
    .scope S_0x7f8b9d512180;
T_2 ;
    %wait E_0x7f8b9d5002c0;
    %load/vec4 v0x7f8b9d5226e0_0;
    %pad/u 32;
    %cmpi/e 0, 0, 32;
    %jmp/0xz  T_2.0, 4;
    %pushi/vec4 0, 0, 32;
    %store/vec4 v0x7f8b9d522030_0, 0, 32;
    %pushi/vec4 0, 0, 32;
    %store/vec4 v0x7f8b9d522280_0, 0, 32;
    %load/vec4 v0x7f8b9d5221d0_0;
    %load/vec4 v0x7f8b9d521ed0_0;
    %cmp/u;
    %jmp/0xz  T_2.2, 5;
    %load/vec4 v0x7f8b9d5220e0_0;
    %ix/getv 4, v0x7f8b9d5221d0_0;
    %store/vec4a v0x7f8b9d522640, 4, 0;
    %load/vec4 v0x7f8b9d5221d0_0;
    %addi 1, 0, 32;
    %store/vec4 v0x7f8b9d5221d0_0, 0, 32;
    %jmp T_2.3;
T_2.2 ;
    %pushi/vec4 1, 0, 2;
    %store/vec4 v0x7f8b9d5226e0_0, 0, 2;
T_2.3 ;
    %jmp T_2.1;
T_2.0 ;
    %load/vec4 v0x7f8b9d5226e0_0;
    %pad/u 32;
    %cmpi/e 1, 0, 32;
    %jmp/0xz  T_2.4, 4;
    %load/vec4 v0x7f8b9d522030_0;
    %addi 1, 0, 32;
    %store/vec4 v0x7f8b9d522030_0, 0, 32;
    %ix/getv/s 4, v0x7f8b9d522030_0;
    %load/vec4a v0x7f8b9d522640, 4;
    %store/vec4 v0x7f8b9d522330_0, 0, 32;
    %load/vec4 v0x7f8b9d522030_0;
    %load/vec4 v0x7f8b9d521ed0_0;
    %cmp/s;
    %jmp/0xz  T_2.6, 5;
    %pushi/vec4 2, 0, 2;
    %store/vec4 v0x7f8b9d5226e0_0, 0, 2;
    %load/vec4 v0x7f8b9d522030_0;
    %subi 1, 0, 32;
    %store/vec4 v0x7f8b9d522280_0, 0, 32;
    %jmp T_2.7;
T_2.6 ;
    %pushi/vec4 3, 0, 2;
    %store/vec4 v0x7f8b9d5226e0_0, 0, 2;
T_2.7 ;
    %jmp T_2.5;
T_2.4 ;
    %load/vec4 v0x7f8b9d5226e0_0;
    %pad/u 32;
    %cmpi/e 2, 0, 32;
    %jmp/0xz  T_2.8, 4;
    %load/vec4 v0x7f8b9d522330_0;
    %ix/getv/s 4, v0x7f8b9d522280_0;
    %load/vec4a v0x7f8b9d522640, 4;
    %cmp/u;
    %jmp/0xz  T_2.10, 5;
    %ix/getv/s 4, v0x7f8b9d522280_0;
    %load/vec4a v0x7f8b9d522640, 4;
    %load/vec4 v0x7f8b9d522280_0;
    %pad/s 33;
    %addi 1, 0, 33;
    %ix/vec4/s 4;
    %store/vec4a v0x7f8b9d522640, 4, 0;
    %load/vec4 v0x7f8b9d522330_0;
    %ix/getv/s 4, v0x7f8b9d522280_0;
    %store/vec4a v0x7f8b9d522640, 4, 0;
T_2.10 ;
    %load/vec4 v0x7f8b9d522280_0;
    %cmpi/e 0, 0, 32;
    %jmp/0xz  T_2.12, 4;
    %pushi/vec4 1, 0, 2;
    %store/vec4 v0x7f8b9d5226e0_0, 0, 2;
    %jmp T_2.13;
T_2.12 ;
    %pushi/vec4 2, 0, 2;
    %store/vec4 v0x7f8b9d5226e0_0, 0, 2;
    %load/vec4 v0x7f8b9d522280_0;
    %subi 1, 0, 32;
    %store/vec4 v0x7f8b9d522280_0, 0, 32;
T_2.13 ;
    %jmp T_2.9;
T_2.8 ;
    %load/vec4 v0x7f8b9d5226e0_0;
    %pad/u 32;
    %cmpi/e 3, 0, 32;
    %jmp/0xz  T_2.14, 4;
    %load/vec4 v0x7f8b9d5223e0_0;
    %load/vec4 v0x7f8b9d521ed0_0;
    %cmp/u;
    %jmp/0xz  T_2.16, 5;
    %ix/getv 4, v0x7f8b9d5223e0_0;
    %load/vec4a v0x7f8b9d522640, 4;
    %store/vec4 v0x7f8b9d522590_0, 0, 32;
    %load/vec4 v0x7f8b9d5223e0_0;
    %addi 1, 0, 32;
    %store/vec4 v0x7f8b9d5223e0_0, 0, 32;
    %jmp T_2.17;
T_2.16 ;
    %pushi/vec4 0, 0, 2;
    %store/vec4 v0x7f8b9d5226e0_0, 0, 2;
    %pushi/vec4 1, 0, 1;
    %store/vec4 v0x7f8b9d521f80_0, 0, 1;
T_2.17 ;
T_2.14 ;
T_2.9 ;
T_2.5 ;
T_2.1 ;
    %jmp T_2;
    .thread T_2;
    .scope S_0x7f8b9d500160;
T_3 ;
    %pushi/vec4 0, 0, 1;
    %store/vec4 v0x7f8b9d522890_0, 0, 1;
    %pushi/vec4 1, 0, 1;
    %store/vec4 v0x7f8b9d5229b0_0, 0, 1;
    %end;
    .thread T_3;
    .scope S_0x7f8b9d500160;
T_4 ;
    %pushi/vec4 100, 0, 32;
    %assign/vec4 v0x7f8b9d522920_0, 0;
    %delay 1000, 0;
    %delay 1000, 0;
    %pushi/vec4 94, 0, 32;
    %assign/vec4 v0x7f8b9d522920_0, 0;
    %delay 1000, 0;
    %delay 1000, 0;
    %pushi/vec4 54, 0, 32;
    %assign/vec4 v0x7f8b9d522920_0, 0;
    %delay 1000, 0;
    %delay 1000, 0;
    %pushi/vec4 32, 0, 32;
    %assign/vec4 v0x7f8b9d522920_0, 0;
    %delay 1000, 0;
    %delay 1000, 0;
    %pushi/vec4 24, 0, 32;
    %assign/vec4 v0x7f8b9d522920_0, 0;
    %delay 1000, 0;
    %delay 1000, 0;
    %pushi/vec4 19, 0, 32;
    %assign/vec4 v0x7f8b9d522920_0, 0;
    %delay 1000, 0;
    %delay 1000, 0;
    %pushi/vec4 14, 0, 32;
    %assign/vec4 v0x7f8b9d522920_0, 0;
    %delay 1000, 0;
    %delay 1000, 0;
    %pushi/vec4 2, 0, 32;
    %assign/vec4 v0x7f8b9d522920_0, 0;
    %delay 100000, 0;
    %delay 100000, 0;
    %vpi_call 2 58 "$finish" {0 0 0};
    %end;
    .thread T_4;
    .scope S_0x7f8b9d500160;
T_5 ;
    %delay 1000, 0;
    %load/vec4 v0x7f8b9d522890_0;
    %inv;
    %store/vec4 v0x7f8b9d522890_0, 0, 1;
    %jmp T_5;
    .thread T_5;
    .scope S_0x7f8b9d500160;
T_6 ;
    %vpi_call 2 62 "$dumpfile", "instb.vcd" {0 0 0};
    %vpi_call 2 63 "$dumpvars", 32'sb00000000000000000000000000000000, S_0x7f8b9d500160 {0 0 0};
    %end;
    .thread T_6;
# The file index is used to find the file name in the following table.
:file_names 4;
    "N/A";
    "<interactive>";
    "tb.v";
    "final.v";
